#
# A fatal error has been detected by the Java Runtime Environment:
#
#  SIGSEGV (0xb) at pc=0x000076362889d82b, pid=180733, tid=180734
#
# JRE version:  (21.0.10+7) (build )
# Java VM: OpenJDK 64-Bit Server VM (21.0.10+7-LTS, mixed mode, sharing, tiered, compressed oops, compressed class ptrs, g1 gc, linux-amd64)
# Problematic frame:
# V  [libjvm.so+0x69d82b]  ConstantPool::restore_unshareable_info(JavaThread*)+0x1b
#
# Core dump will be written. Default location: Core dumps may be processed with "/usr/share/apport/apport -p%p -s%s -c%c -d%d -P%P -u%u -g%g -F%F -- %E" (or dumping to /home/mdx/github/jenkins-test/core.180733)
#
#

---------------  S U M M A R Y ------------

Command Line: -Dapplication.home=/home/mdx/.vscode/extensions/redhat.java-1.53.0-linux-x64/jre/21.0.10-linux-x86_64 -Xms8m -Djdk.module.main=jdk.jcmd jdk.jcmd/sun.tools.jcmd.JCmd 135477 VM.uptime

Host: Intel(R) Core(TM) i7-4770 CPU @ 3.40GHz, 8 cores, 23G, Ubuntu 24.04.4 LTS
Time: Thu Apr  9 21:46:28 2026 +03 elapsed time: 0.030367 seconds (0d 0h 0m 0s)

---------------  T H R E A D  ---------------

Current thread (0x000076362002b980):  JavaThread "Unknown thread" [_thread_in_vm, id=180734, stack(0x0000763628017000,0x0000763628117000) (1024K)]

Stack: [0x0000763628017000,0x0000763628117000],  sp=0x00007636281158f0,  free space=1018k
Native frames: (J=compiled Java code, j=interpreted, Vv=VM code, C=native code)
V  [libjvm.so+0x69d82b]  ConstantPool::restore_unshareable_info(JavaThread*)+0x1b
V  [libjvm.so+0x8ea005]  InstanceKlass::restore_unshareable_info(ClassLoaderData*, Handle, PackageEntry*, JavaThread*)+0x105
V  [libjvm.so+0x1009218]  vmClasses::resolve_shared_class(InstanceKlass*, ClassLoaderData*, Handle, JavaThread*)+0xa8
V  [libjvm.so+0x100933c]  vmClasses::resolve(vmClassID, JavaThread*)+0xbc
V  [libjvm.so+0x10094bc]  vmClasses::resolve_all(JavaThread*)+0x16c
V  [libjvm.so+0xf3c0fa]  SystemDictionary::initialize(JavaThread*)+0xda
V  [libjvm.so+0xfb0a80]  Universe::genesis(JavaThread*)+0xa0
V  [libjvm.so+0xfb21a4]  universe2_init()+0x24
V  [libjvm.so+0x8e1a29]  init_globals2()+0x9
V  [libjvm.so+0xf921ca]  Threads::create_vm(JavaVMInitArgs*, bool*)+0x32a
V  [libjvm.so+0x9b9d8f]  JNI_CreateJavaVM+0x4f
C  [libjli.so+0x976b]  JavaMain+0x8b
C  [libjli.so+0xd2b9]  ThreadJavaMain+0x9
C  [libc.so.6+0x9caa4]

siginfo: si_signo: 11 (SIGSEGV), si_code: 1 (SEGV_MAPERR), si_addr: 0x000000000000026f

Registers:
RAX=0x000000000000013e, RBX=0x00007635ab696750, RCX=0x0000000000000000, RDX=0x0000000000000004
RSP=0x00007636281158f0, RBP=0x0000763628115970, RSI=0x000076362002b980, RDI=0x00007635ab696750
R8 =0x0000000000000002, R9 =0x0000000000000000, R10=0x0000000000000000, R11=0x0000763620092070
R12=0x000076362002b980, R13=0x00007635ab696928, R14=0x00007635ab696928, R15=0x0000000000000000
RIP=0x000076362889d82b, EFLAGS=0x0000000000010206, CSGSFS=0x002b000000000033, ERR=0x0000000000000004
  TRAPNO=0x000000000000000e

XMM[0]=0x000076362002b980 0x0000763628115830
XMM[1]=0x000076362002c0e0 0x000076362002c0d0
XMM[2]=0x00000000000000ff 0xffffffffffffffff
XMM[3]=0x000000068a400010 0x000000068a400000
XMM[4]=0x0000000000000000 0x000000068a400010
XMM[5]=0x000000068a400010 0x000000068a400000
XMM[6]=0x0000000000000000 0x000000068a414578
XMM[7]=0x0000024600000245 0x0000024400000243
XMM[8]=0x0000023e0000023d 0x0000023c0000023b
XMM[9]=0x0020202020202020 0x2000202020202020
XMM[10]=0x3f3f3f3f3f3f3f3f 0x3f3f3f3f3f3f3f3f
XMM[11]=0x9999999999999999 0x9999999999999999
XMM[12]=0x2020202020202020 0x2020202020202020
XMM[13]=0x0000000000000000 0x0000000000000000
XMM[14]=0x0000000000000000 0x0000000000000000
XMM[15]=0x0000000000000000 0x0000000000000000
  MXCSR=0x00001fa2


Top of Stack: (sp=0x00007636281158f0)
0x00007636281158f0:   0000763628115970 0000763628d53bbe
0x0000763628115900:   000076362002c0d0 000076362002c0e0
0x0000763628115910:   000076362002c4b8 00007635ab18c3c8
0x0000763628115920:   00000000000003d8 000076362002c0e0
0x0000763628115930:   000076362002c0d0 0000000000000000
0x0000763628115940:   0000763628115970 000076362002b980
0x0000763628115950:   00007635ab05c4b8 00007635ab696928
0x0000763628115960:   00007635ab696928 0000000000000000
0x0000763628115970:   00007636281159d0 0000763628aea005
0x0000763628115980:   0000000000000016 0000763629753e58
0x0000763628115990:   000076362002b980 000076362002b980
0x00007636281159a0:   00007636281159e8 0000763628d5338d
0x00007636281159b0:   0000000000000000 00007635ab05c4b8
0x00007636281159c0:   000076362002b980 00007635ab61a030
0x00007636281159d0:   0000763628115a20 0000763629209218
0x00007636281159e0:   000076362002b980 0000763620092070
0x00007636281159f0:   000076362002c500 000000000000000a
0x0000763628115a00:   000076362002b980 000076362977b2e0
0x0000763628115a10:   000076362972c808 0000763629753ed8
0x0000763628115a20:   0000763628115a50 000076362920933c
0x0000763628115a30:   00007636296f79b4 000076362002b980
0x0000763628115a40:   000000000000000a 0000000000000003
0x0000763628115a50:   0000763628115a80 00007636292094bc
0x0000763628115a60:   000076362002b980 000076362002b980
0x0000763628115a70:   0000763628115b00 000076362002c0d0
0x0000763628115a80:   0000763628115aa0 000076362913c0fa
0x0000763628115a90:   000076362002c0d0 000076362002c090
0x0000763628115aa0:   0000763628115b70 00007636291b0a80
0x0000763628115ab0:   0000763628115ba0 00000000000003d8
0x0000763628115ac0:   000076362002c0d0 000076362002c0e0
0x0000763628115ad0:   000076362002c4b8 000076362002c0e0
0x0000763628115ae0:   0000763620002db0 0000000000000030 

Instructions: (pc=0x000076362889d82b)
0x000076362889d72b:   48 85 c0 0f 84 b6 00 00 00 48 8d 1d cd af e5 00
0x000076362889d73b:   0f b6 03 3c 01 48 19 d2 83 e2 04 41 8b 54 15 0c
0x000076362889d74b:   85 d2 0f 8e 97 00 00 00 44 8d 72 ff 45 31 ff 49
0x000076362889d75b:   c1 e6 02 eb 2c 48 8d 35 39 97 e5 00 8b 40 08 8b
0x000076362889d76b:   4e 08 48 d3 e0 48 8d 0d 69 db ed 00 48 03 06 48
0x000076362889d77b:   39 41 08 74 51 4d 39 f7 74 65 0f b6 03 49 83 c7
0x000076362889d78b:   04 3c 01 48 8d 15 f0 ab e9 00 48 19 c0 83 e0 08
0x000076362889d79b:   80 3a 00 49 8d 74 07 10 75 05 4a 8d 74 78 10 4c
0x000076362889d7ab:   89 ef ff 15 3d 90 e5 00 49 89 c4 48 85 c0 74 c5
0x000076362889d7bb:   80 3b 00 75 a0 48 8d 0d 19 db ed 00 48 8b 40 08
0x000076362889d7cb:   48 39 41 08 75 af 4c 89 e7 e8 07 12 da ff 84 c0
0x000076362889d7db:   75 a3 4c 89 e7 e8 db af 22 00 4d 39 f7 75 9b 48
0x000076362889d7eb:   83 c4 08 5b 41 5c 41 5d 41 5e 41 5f 5d c3 0f 1f
0x000076362889d7fb:   80 00 00 00 00 c3 90 66 66 2e 0f 1f 84 00 00 00
0x000076362889d80b:   00 00 0f 1f 00 55 48 89 e5 41 57 41 56 41 55 41
0x000076362889d81b:   54 49 89 f4 53 48 89 fb 48 83 ec 58 48 8b 47 18
0x000076362889d82b:   0f b6 90 31 01 00 00 80 fa 01 0f 86 f5 00 00 00
0x000076362889d83b:   48 8b 43 10 48 8b 78 10 48 85 ff 74 20 ff 15 c2
0x000076362889d84b:   47 e5 00 48 85 c0 74 15 48 83 c4 58 5b 41 5c 41
0x000076362889d85b:   5d 41 5e 41 5f 5d c3 66 0f 1f 44 00 00 4c 8d 2d
0x000076362889d86b:   71 da ed 00 49 8b 7d 00 e8 d8 b8 96 00 84 c0 74
0x000076362889d87b:   d7 48 8b 43 18 4c 8b b0 98 00 00 00 48 8d 05 63
0x000076362889d88b:   97 e8 00 80 38 00 0f 85 b9 00 00 00 48 8d 05 54
0x000076362889d89b:   97 e8 00 80 38 00 0f 85 a9 00 00 00 8b 73 40 85
0x000076362889d8ab:   f6 7e a5 49 8b 7d 00 4c 89 e2 e8 16 89 65 00 49
0x000076362889d8bb:   83 7c 24 08 00 49 89 c5 75 8e 4c 8d 7d 90 4c 89
0x000076362889d8cb:   e6 4c 89 ff e8 6c 6e 20 00 4d 85 ed 74 2b 49 8b
0x000076362889d8db:   bc 24 28 03 00 00 48 8b 47 18 48 8b 57 20 48 29
0x000076362889d8eb:   c2 48 83 fa 07 0f 86 f8 00 00 00 48 8d 50 08 48
0x000076362889d8fb:   89 57 18 4c 89 28 49 89 c5 48 8d 7d 88 4c 89 ea
0x000076362889d90b:   4c 89 f6 e8 9d b9 f8 ff 48 8b 43 10 48 8b 55 88
0x000076362889d91b:   4c 89 ff 48 89 50 10 e8 69 6e 20 00 e9 27 ff ff 



---------------  P R O C E S S  ---------------

Threads class SMR info:
_java_thread_list=0x0000763620099730, length=1, elements={
0x000076362002b980
}

Java Threads: ( => current thread )
=>0x000076362002b980 JavaThread "Unknown thread"             [_thread_in_vm, id=180734, stack(0x0000763628017000,0x0000763628117000) (1024K)]
Total: 1

Other Threads:
  0x0000763620098890 WatcherThread "VM Periodic Task Thread"        [id=180740, stack(0x0000763608ffa000,0x00007636090fa000) (1024K)]
  0x0000763620053760 WorkerThread "GC Thread#0"                     [id=180735, stack(0x0000763624322000,0x0000763624422000) (1024K)]
  0x0000763620060880 ConcurrentGCThread "G1 Main Marker"            [id=180736, stack(0x0000763624221000,0x0000763624321000) (1024K)]
  0x0000763620061820 WorkerThread "G1 Conc#0"                       [id=180737, stack(0x0000763624120000,0x0000763624220000) (1024K)]
  0x0000763620086a10 ConcurrentGCThread "G1 Refine#0"               [id=180738, stack(0x0000763609319000,0x0000763609419000) (1024K)]
  0x00007636200879d0 ConcurrentGCThread "G1 Service"                [id=180739, stack(0x0000763609218000,0x0000763609318000) (1024K)]
Total: 6

Threads with active compile tasks:
Total: 0

VM state: not at safepoint (not fully initialized)

VM Mutex/Monitor currently owned by a thread: None

Heap address: 0x000000068a000000, size: 5984 MB, Compressed Oops mode: Zero based, Oop shift amount: 3

CDS archive(s) mapped at: [0x00007635ab000000-0x00007635abbbb000-0x00007635abbbb000), size 12300288, SharedBaseAddress: 0x00007635ab000000, ArchiveRelocationMode: 1.
Compressed class space mapped at: 0x00007635ac000000-0x00007635ec000000, reserved size: 1073741824
Narrow klass base: 0x00007635ab000000, Narrow klass shift: 0, Narrow klass range: 0x100000000

GC Precious Log:
 CardTable entry size: 512
 Card Set container configuration: InlinePtr #cards 4 size 8 Array Of Cards #cards 32 size 80 Howl #buckets 8 coarsen threshold 7372 Howl Bitmap #cards 1024 size 144 coarsen threshold 921 Card regions per heap region 1 cards per card region 8192
 CPUs: 8 total, 8 available
 Memory: 23921M
 Large Page Support: Disabled
 NUMA Support: Disabled
 Compressed Oops: Enabled (Zero based)
 Heap Region Size: 4M
 Heap Min Capacity: 8M
 Heap Initial Capacity: 8M
 Heap Max Capacity: 5984M
 Pre-touch: Disabled
 Parallel Workers: 8
 Concurrent Workers: 2
 Concurrent Refinement Workers: 8
 Periodic GC: Disabled

Heap:
 garbage-first heap   total 12288K, used 1066K [0x000000068a000000, 0x0000000800000000)
  region size 4096K, 1 young (4096K), 0 survivors (0K)
 Metaspace       used 0K, committed 0K, reserved 1048576K
  class space    used 0K, committed 0K, reserved 1048576K

Heap Regions: E=young(eden), S=young(survivor), O=old, HS=humongous(starts), HC=humongous(continues), CS=collection set, F=free, TAMS=top-at-mark-start, PB=parsable bottom
|   0|0x000000068a000000, 0x000000068a000000, 0x000000068a400000|  0%| F|  |TAMS 0x000000068a000000| PB 0x000000068a000000| Untracked 
|   1|0x000000068a400000, 0x000000068a4147b8, 0x000000068a800000|  2%| E|  |TAMS 0x000000068a400000| PB 0x000000068a400000| Complete 
|1495|0x00000007ffc00000, 0x00000007ffd0aa70, 0x0000000800000000| 26%| O|  |TAMS 0x00000007ffc00000| PB 0x00000007ffc00000| Untracked 

Card table byte_map: [0x000076360f8a0000,0x0000763610450000] _byte_map_base: 0x000076360c450000

Marking Bits: (CMBitMap*) 0x0000763620054290
 Bits: [0x0000763609b20000, 0x000076360f8a0000)

GC Heap History (0 events):
No events

Dll operation events (1 events):
Event: 0.002 Loaded shared library /home/mdx/.vscode/extensions/redhat.java-1.53.0-linux-x64/jre/21.0.10-linux-x86_64/lib/libjava.so

Deoptimization events (0 events):
No events

Classes loaded (0 events):
No events

Classes unloaded (0 events):
No events

Classes redefined (0 events):
No events

Internal exceptions (0 events):
No events

ZGC Phase Switch (0 events):
No events

VM Operations (0 events):
No events

Memory protections (1 events):
Event: 0.002 Protecting memory [0x0000763628017000,0x000076362801b000] with protection modes 0

Nmethod flushes (0 events):
No events

Events (1 events):
Event: 0.012 Thread 0x000076362002b980 Thread added: 0x000076362002b980


Dynamic libraries:
68a000000-68a800000 rw-p 00000000 00:00 0 
68a800000-7ffc00000 ---p 00000000 00:00 0 
7ffc00000-7ffd0b000 rw-p 00bf7000 08:22 26910670                         /home/mdx/.vscode/extensions/redhat.java-1.53.0-linux-x64/jre/21.0.10-linux-x86_64/lib/server/classes.jsa
7ffd0b000-800000000 rw-p 00000000 00:00 0 
60679c01a000-60679c01b000 r-xp 00000000 08:22 26910183                   /home/mdx/.vscode/extensions/redhat.java-1.53.0-linux-x64/jre/21.0.10-linux-x86_64/bin/jcmd
60679c01c000-60679c01d000 r--p 00001000 08:22 26910183                   /home/mdx/.vscode/extensions/redhat.java-1.53.0-linux-x64/jre/21.0.10-linux-x86_64/bin/jcmd
60679c01d000-60679c01e000 rw-p 00002000 08:22 26910183                   /home/mdx/.vscode/extensions/redhat.java-1.53.0-linux-x64/jre/21.0.10-linux-x86_64/bin/jcmd
6067d80a0000-6067d80e6000 rw-p 00000000 00:00 0                          [heap]
7635ab000000-7635abbbb000 rw-p 00001000 08:22 26910670                   /home/mdx/.vscode/extensions/redhat.java-1.53.0-linux-x64/jre/21.0.10-linux-x86_64/lib/server/classes.jsa
7635abbbb000-7635ec000000 ---p 00000000 00:00 0 
7635ec000000-7635ec021000 rw-p 00000000 00:00 0 
7635ec021000-7635f0000000 ---p 00000000 00:00 0 
7635f0000000-7635f0021000 rw-p 00000000 00:00 0 
7635f0021000-7635f4000000 ---p 00000000 00:00 0 
7635f4000000-7635f4021000 rw-p 00000000 00:00 0 
7635f4021000-7635f8000000 ---p 00000000 00:00 0 
7635fa000000-7635fc021000 rw-p 00000000 00:00 0 
7635fc021000-763600000000 ---p 00000000 00:00 0 
763600000000-763600021000 rw-p 00000000 00:00 0 
763600021000-763604000000 ---p 00000000 00:00 0 
763604000000-763604021000 rw-p 00000000 00:00 0 
763604021000-763608000000 ---p 00000000 00:00 0 
763608b8d000-763608ff9000 rw-p 00000000 00:00 0 
763608ff9000-763608ffa000 ---p 00000000 00:00 0 
763608ffa000-7636090fa000 rw-p 00000000 00:00 0 
7636090fa000-763609217000 rw-p 00000000 00:00 0 
763609217000-763609218000 ---p 00000000 00:00 0 
763609218000-763609318000 rw-p 00000000 00:00 0 
763609318000-763609319000 ---p 00000000 00:00 0 
763609319000-763609419000 rw-p 00000000 00:00 0 
763609419000-763609b40000 rw-p 00000000 00:00 0 
763609b40000-76360f890000 ---p 00000000 00:00 0 
76360f890000-76360f8a4000 rw-p 00000000 00:00 0 
76360f8a4000-76361044e000 ---p 00000000 00:00 0 
76361044e000-763610454000 rw-p 00000000 00:00 0 
763610454000-763610ffe000 ---p 00000000 00:00 0 
763610ffe000-763611000000 rw-p 00000000 00:00 0 
763611000000-763611270000 rwxp 00000000 00:00 0 
763611270000-763618537000 ---p 00000000 00:00 0 
763618537000-7636187a7000 rwxp 00000000 00:00 0 
7636187a7000-763618ac9000 ---p 00000000 00:00 0 
763618ac9000-763618d39000 rwxp 00000000 00:00 0 
763618d39000-763620000000 ---p 00000000 00:00 0 
763620000000-7636200c8000 rw-p 00000000 00:00 0 
7636200c8000-763624000000 ---p 00000000 00:00 0 
76362401e000-76362411f000 rw-p 00000000 00:00 0 
76362411f000-763624120000 ---p 00000000 00:00 0 
763624120000-763624220000 rw-p 00000000 00:00 0 
763624220000-763624221000 ---p 00000000 00:00 0 
763624221000-763624321000 rw-p 00000000 00:00 0 
763624321000-763624322000 ---p 00000000 00:00 0 
763624322000-763624422000 rw-p 00000000 00:00 0 
763624422000-763624c2f000 rw-p 00000000 00:00 0 
763624c2f000-763624d15000 ---p 00000000 00:00 0 
763624d15000-763624d1a000 rw-p 00000000 00:00 0 
763624d1a000-763624e00000 ---p 00000000 00:00 0 
763624e00000-763627fda000 r--s 00000000 08:22 26876381                   /home/mdx/.vscode/extensions/redhat.java-1.53.0-linux-x64/jre/21.0.10-linux-x86_64/lib/modules
763627fe8000-763628017000 rw-p 00000000 00:00 0 
763628017000-76362801b000 ---p 00000000 00:00 0 
76362801b000-763628117000 rw-p 00000000 00:00 0 
763628117000-763628127000 r--p 00000000 08:22 559038                     /usr/lib/x86_64-linux-gnu/libm.so.6
763628127000-7636281a6000 r-xp 00010000 08:22 559038                     /usr/lib/x86_64-linux-gnu/libm.so.6
7636281a6000-7636281fe000 r--p 0008f000 08:22 559038                     /usr/lib/x86_64-linux-gnu/libm.so.6
7636281fe000-7636281ff000 r--p 000e7000 08:22 559038                     /usr/lib/x86_64-linux-gnu/libm.so.6
7636281ff000-763628200000 rw-p 000e8000 08:22 559038                     /usr/lib/x86_64-linux-gnu/libm.so.6
763628200000-76362961d000 r-xp 00000000 08:22 26910270                   /home/mdx/.vscode/extensions/redhat.java-1.53.0-linux-x64/jre/21.0.10-linux-x86_64/lib/server/libjvm.so
76362961d000-7636296f2000 r--p 0141c000 08:22 26910270                   /home/mdx/.vscode/extensions/redhat.java-1.53.0-linux-x64/jre/21.0.10-linux-x86_64/lib/server/libjvm.so
7636296f2000-763629722000 rw-p 014f1000 08:22 26910270                   /home/mdx/.vscode/extensions/redhat.java-1.53.0-linux-x64/jre/21.0.10-linux-x86_64/lib/server/libjvm.so
763629722000-763629788000 rw-p 00000000 00:00 0 
76362979f000-763629800000 rw-p 00000000 00:00 0 
763629800000-763629828000 r--p 00000000 08:22 559035                     /usr/lib/x86_64-linux-gnu/libc.so.6
763629828000-7636299b0000 r-xp 00028000 08:22 559035                     /usr/lib/x86_64-linux-gnu/libc.so.6
7636299b0000-7636299ff000 r--p 001b0000 08:22 559035                     /usr/lib/x86_64-linux-gnu/libc.so.6
7636299ff000-763629a03000 r--p 001fe000 08:22 559035                     /usr/lib/x86_64-linux-gnu/libc.so.6
763629a03000-763629a05000 rw-p 00202000 08:22 559035                     /usr/lib/x86_64-linux-gnu/libc.so.6
763629a05000-763629a12000 rw-p 00000000 00:00 0 
763629a13000-763629a47000 rw-p 00000000 00:00 0 
763629a47000-763629a4e000 ---p 00000000 00:00 0 
763629a4e000-763629a6f000 r-xp 00000000 08:22 26909920                   /home/mdx/.vscode/extensions/redhat.java-1.53.0-linux-x64/jre/21.0.10-linux-x86_64/lib/libjava.so
763629a6f000-763629a70000 r--p 00020000 08:22 26909920                   /home/mdx/.vscode/extensions/redhat.java-1.53.0-linux-x64/jre/21.0.10-linux-x86_64/lib/libjava.so
763629a70000-763629a71000 rw-p 00021000 08:22 26909920                   /home/mdx/.vscode/extensions/redhat.java-1.53.0-linux-x64/jre/21.0.10-linux-x86_64/lib/libjava.so
763629a71000-763629a72000 rw-p 00000000 00:00 0 
763629a72000-763629a7a000 rw-s 00000000 08:22 4719228                    /tmp/hsperfdata_mdx/180733
763629a7a000-763629a7b000 ---p 00000000 00:00 0 
763629a7b000-763629a7c000 r--p 00000000 00:00 0 
763629a7c000-763629a7d000 r--p 00000000 08:22 559049                     /usr/lib/x86_64-linux-gnu/librt.so.1
763629a7d000-763629a7e000 r-xp 00001000 08:22 559049                     /usr/lib/x86_64-linux-gnu/librt.so.1
763629a7e000-763629a7f000 r--p 00002000 08:22 559049                     /usr/lib/x86_64-linux-gnu/librt.so.1
763629a7f000-763629a80000 r--p 00002000 08:22 559049                     /usr/lib/x86_64-linux-gnu/librt.so.1
763629a80000-763629a81000 rw-p 00003000 08:22 559049                     /usr/lib/x86_64-linux-gnu/librt.so.1
763629a81000-763629a83000 rw-p 00000000 00:00 0 
763629a83000-763629a84000 r--p 00000000 08:22 559037                     /usr/lib/x86_64-linux-gnu/libdl.so.2
763629a84000-763629a85000 r-xp 00001000 08:22 559037                     /usr/lib/x86_64-linux-gnu/libdl.so.2
763629a85000-763629a86000 r--p 00002000 08:22 559037                     /usr/lib/x86_64-linux-gnu/libdl.so.2
763629a86000-763629a87000 r--p 00002000 08:22 559037                     /usr/lib/x86_64-linux-gnu/libdl.so.2
763629a87000-763629a88000 rw-p 00003000 08:22 559037                     /usr/lib/x86_64-linux-gnu/libdl.so.2
763629a88000-763629a89000 r--p 00000000 08:22 559047                     /usr/lib/x86_64-linux-gnu/libpthread.so.0
763629a89000-763629a8a000 r-xp 00001000 08:22 559047                     /usr/lib/x86_64-linux-gnu/libpthread.so.0
763629a8a000-763629a8b000 r--p 00002000 08:22 559047                     /usr/lib/x86_64-linux-gnu/libpthread.so.0
763629a8b000-763629a8c000 r--p 00002000 08:22 559047                     /usr/lib/x86_64-linux-gnu/libpthread.so.0
763629a8c000-763629a8d000 rw-p 00003000 08:22 559047                     /usr/lib/x86_64-linux-gnu/libpthread.so.0
763629a8d000-763629a8e000 ---p 00000000 00:00 0 
763629a8e000-763629aa9000 r-xp 00000000 08:22 26909906                   /home/mdx/.vscode/extensions/redhat.java-1.53.0-linux-x64/jre/21.0.10-linux-x86_64/lib/libjimage.so
763629aa9000-763629aaa000 ---p 0001b000 08:22 26909906                   /home/mdx/.vscode/extensions/redhat.java-1.53.0-linux-x64/jre/21.0.10-linux-x86_64/lib/libjimage.so
763629aaa000-763629aac000 r--p 0001b000 08:22 26909906                   /home/mdx/.vscode/extensions/redhat.java-1.53.0-linux-x64/jre/21.0.10-linux-x86_64/lib/libjimage.so
763629aac000-763629aad000 rw-p 0001d000 08:22 26909906                   /home/mdx/.vscode/extensions/redhat.java-1.53.0-linux-x64/jre/21.0.10-linux-x86_64/lib/libjimage.so
763629aad000-763629ac6000 r-xp 00000000 08:22 26909903                   /home/mdx/.vscode/extensions/redhat.java-1.53.0-linux-x64/jre/21.0.10-linux-x86_64/lib/libjli.so
763629ac6000-763629ac7000 r--p 00018000 08:22 26909903                   /home/mdx/.vscode/extensions/redhat.java-1.53.0-linux-x64/jre/21.0.10-linux-x86_64/lib/libjli.so
763629ac7000-763629ac8000 rw-p 00019000 08:22 26909903                   /home/mdx/.vscode/extensions/redhat.java-1.53.0-linux-x64/jre/21.0.10-linux-x86_64/lib/libjli.so
763629ac8000-763629aca000 rw-p 00000000 00:00 0 
763629aca000-763629ace000 r--p 00000000 00:00 0                          [vvar]
763629ace000-763629ad0000 r--p 00000000 00:00 0                          [vvar_vclock]
763629ad0000-763629ad2000 r-xp 00000000 00:00 0                          [vdso]
763629ad2000-763629ad3000 r--p 00000000 08:22 559032                     /usr/lib/x86_64-linux-gnu/ld-linux-x86-64.so.2
763629ad3000-763629afe000 r-xp 00001000 08:22 559032                     /usr/lib/x86_64-linux-gnu/ld-linux-x86-64.so.2
763629afe000-763629b08000 r--p 0002c000 08:22 559032                     /usr/lib/x86_64-linux-gnu/ld-linux-x86-64.so.2
763629b08000-763629b0a000 r--p 00036000 08:22 559032                     /usr/lib/x86_64-linux-gnu/ld-linux-x86-64.so.2
763629b0a000-763629b0c000 rw-p 00038000 08:22 559032                     /usr/lib/x86_64-linux-gnu/ld-linux-x86-64.so.2
7ffec9d16000-7ffec9d38000 rw-p 00000000 00:00 0                          [stack]
ffffffffff600000-ffffffffff601000 --xp 00000000 00:00 0                  [vsyscall]
Total number of mappings: 120

JVMTI agents: none


VM Arguments:
jvm_args: -Dapplication.home=/home/mdx/.vscode/extensions/redhat.java-1.53.0-linux-x64/jre/21.0.10-linux-x86_64 -Xms8m -Djdk.module.main=jdk.jcmd 
java_command: jdk.jcmd/sun.tools.jcmd.JCmd 135477 VM.uptime
java_class_path (initial): <not set>
Launcher Type: SUN_STANDARD

[Global flags]
     intx CICompilerCount                          = 4                                         {product} {ergonomic}
     uint ConcGCThreads                            = 2                                         {product} {ergonomic}
     uint G1ConcRefinementThreads                  = 8                                         {product} {ergonomic}
   size_t G1HeapRegionSize                         = 4194304                                   {product} {ergonomic}
    uintx GCDrainStackTargetSize                   = 64                                        {product} {ergonomic}
   size_t InitialHeapSize                          = 8388608                                   {product} {command line}
   size_t MarkStackSize                            = 4194304                                   {product} {ergonomic}
   size_t MaxHeapSize                              = 6274678784                                {product} {ergonomic}
   size_t MaxNewSize                               = 3762290688                                {product} {ergonomic}
   size_t MinHeapDeltaBytes                        = 4194304                                   {product} {ergonomic}
   size_t MinHeapSize                              = 8388608                                   {product} {command line}
    uintx NonNMethodCodeHeapSize                   = 5839372                                {pd product} {ergonomic}
    uintx NonProfiledCodeHeapSize                  = 122909434                              {pd product} {ergonomic}
    uintx ProfiledCodeHeapSize                     = 122909434                              {pd product} {ergonomic}
    uintx ReservedCodeCacheSize                    = 251658240                              {pd product} {ergonomic}
     bool SegmentedCodeCache                       = true                                      {product} {ergonomic}
   size_t SoftMaxHeapSize                          = 6274678784                             {manageable} {ergonomic}
     bool UseCompressedOops                        = true                           {product lp64_product} {ergonomic}
     bool UseG1GC                                  = true                                      {product} {ergonomic}

Logging:
Log output configuration:
 #0: stdout all=warning uptime,level,tags foldmultilines=false
 #1: stderr all=off uptime,level,tags foldmultilines=false

Release file:
<release file has not been read>
Environment Variables:
JAVA_HOME=/usr/lib/jvm/jdk-25.0.1+8
PATH=/home/mdx/.local/bin:/home/mdx/.nvm/versions/node/v22.20.0/bin:/home/mdx/snap/waveterm/198/.local/share/waveterm/bin:/home/mdx/.local/bin:/usr/local/sbin:/usr/local/bin:/usr/sbin:/usr/bin:/sbin:/bin:/usr/games:/usr/local/games:/snap/bin:/home/mdx/.pulumi/bin:/usr/lib/jvm/jdk-25.0.1+8/bin
LD_LIBRARY_PATH=/usr/lib/x86_64-linux-gnu/dri:/var/lib/snapd/lib/gl:/usr/lib/x86_64-linux-gnu/libunity:/usr/lib/x86_64-linux-gnu/pulseaudio
SHELL=/bin/bash
DISPLAY=:0
LANG=C.UTF-8
TERM=xterm-256color

Active Locale:
LC_ALL=C
LC_COLLATE=C
LC_CTYPE=C
LC_MESSAGES=C
LC_MONETARY=C
LC_NUMERIC=C
LC_TIME=C

Signal Handlers:
   SIGSEGV: crash_handler in libjvm.so, mask=11100100010111111101111111111110, flags=SA_RESTART|SA_SIGINFO, unblocked
    SIGBUS: crash_handler in libjvm.so, mask=11100100010111111101111111111110, flags=SA_RESTART|SA_SIGINFO, unblocked
    SIGFPE: crash_handler in libjvm.so, mask=11100100010111111101111111111110, flags=SA_RESTART|SA_SIGINFO, unblocked
   SIGPIPE: javaSignalHandler in libjvm.so, mask=11100100010111111101111111111110, flags=SA_RESTART|SA_SIGINFO, blocked
   SIGXFSZ: javaSignalHandler in libjvm.so, mask=11100100010111111101111111111110, flags=SA_RESTART|SA_SIGINFO, blocked
    SIGILL: crash_handler in libjvm.so, mask=11100100010111111101111111111110, flags=SA_RESTART|SA_SIGINFO, unblocked
   SIGUSR2: SR_handler in libjvm.so, mask=00000000000000000000000000000000, flags=SA_RESTART|SA_SIGINFO, blocked
    SIGHUP: SIG_DFL, mask=00000000000000000000000000000000, flags=none, blocked
    SIGINT: SIG_DFL, mask=00000000000000000000000000000000, flags=none, blocked
   SIGTERM: SIG_DFL, mask=00000000000000000000000000000000, flags=none, blocked
   SIGQUIT: UserHandler in libjvm.so, mask=11100100010111111101111111111110, flags=SA_RESTART|SA_SIGINFO, blocked
   SIGTRAP: crash_handler in libjvm.so, mask=11100100010111111101111111111110, flags=SA_RESTART|SA_SIGINFO, unblocked


Periodic native trim disabled

---------------  S Y S T E M  ---------------

OS:
DISTRIB_ID=Ubuntu
DISTRIB_RELEASE=24.04
DISTRIB_CODENAME=noble
DISTRIB_DESCRIPTION="Ubuntu 24.04.4 LTS"
uname: Linux 6.17.0-20-generic #20~24.04.1-Ubuntu SMP PREEMPT_DYNAMIC Thu Mar 19 01:28:37 UTC 2 x86_64
OS uptime: 0 days 7:30 hours
libc: glibc 2.39 NPTL 2.39 
rlimit (soft/hard): STACK 8192k/infinity , CORE 0k/infinity , NPROC 95339/95339 , NOFILE 1048576/1048576 , AS infinity/infinity , CPU infinity/infinity , DATA infinity/infinity , FSIZE infinity/infinity , MEMLOCK 3061980k/3061980k
load average: 0.66 0.63 0.72

/proc/meminfo:
MemTotal:       24495864 kB
MemFree:          343728 kB
MemAvailable:    7173168 kB
Buffers:          312704 kB
Cached:          7115492 kB
SwapCached:        77100 kB
Active:          7927976 kB
Inactive:       14057908 kB
Active(anon):    6811304 kB
Inactive(anon):  8648956 kB
Active(file):    1116672 kB
Inactive(file):  5408952 kB
Unevictable:      567432 kB
Mlocked:           18860 kB
SwapTotal:       8388604 kB
SwapFree:        7309232 kB
Zswap:                 0 kB
Zswapped:              0 kB
Dirty:              2920 kB
Writeback:             0 kB
AnonPages:      15104788 kB
Mapped:          3216672 kB
Shmem:           1469844 kB
KReclaimable:     701668 kB
Slab:            1180280 kB
SReclaimable:     701668 kB
SUnreclaim:       478612 kB
KernelStack:       46188 kB
PageTables:       187388 kB
SecPageTables:      6396 kB
NFS_Unstable:          0 kB
Bounce:                0 kB
WritebackTmp:          0 kB
CommitLimit:    20636536 kB
Committed_AS:   55560864 kB
VmallocTotal:   34359738367 kB
VmallocUsed:       90592 kB
VmallocChunk:          0 kB
Percpu:            11872 kB
HardwareCorrupted:     0 kB
AnonHugePages:         0 kB
ShmemHugePages:   528384 kB
ShmemPmdMapped:        0 kB
FileHugePages:    208896 kB
FilePmdMapped:     36864 kB
CmaTotal:              0 kB
CmaFree:               0 kB
Unaccepted:            0 kB
Balloon:               0 kB
HugePages_Total:       0
HugePages_Free:        0
HugePages_Rsvd:        0
HugePages_Surp:        0
Hugepagesize:       2048 kB
Hugetlb:               0 kB
DirectMap4k:      316324 kB
DirectMap2M:    11106304 kB
DirectMap1G:    14680064 kB

/sys/kernel/mm/transparent_hugepage/enabled: always [madvise] never
/sys/kernel/mm/transparent_hugepage/hpage_pmd_size: 2097152
/sys/kernel/mm/transparent_hugepage/defrag (defrag/compaction efforts parameter): always defer defer+madvise [madvise] never

Process Memory:
Virtual Size: 8158872K (peak: 8158872K)
Resident Set Size: 34064K (peak: 34064K) (anon: 18908K, file: 15156K, shmem: 0K)
Swapped out: 0K
C-Heap outstanding allocations: 23400K, retained: 983K
glibc malloc tunables: (default)

/proc/sys/kernel/threads-max (system-wide limit on the number of threads): 190678
/proc/sys/vm/max_map_count (maximum number of memory map areas a process may have): 1048576
/proc/sys/vm/swappiness (control to define how aggressively the kernel swaps out anonymous memory): 60
/proc/sys/kernel/pid_max (system-wide limit on number of process identifiers): 4194304

container information not found.
Steal ticks since vm start: 0
Steal ticks percentage since vm start:  0.000

CPU: total 8 (initial active 8) (4 cores per cpu, 2 threads per core) family 6 model 60 stepping 3 microcode 0x28, cx8, cmov, fxsr, ht, mmx, sse, sse2, sse3, ssse3, sse4.1, sse4.2, popcnt, lzcnt, tsc, tscinvbit, avx, avx2, aes, erms, clmul, bmi1, bmi2, fma, vzeroupper, clflush, rdtscp, f16c
CPU Model and flags from /proc/cpuinfo:
model name	: Intel(R) Core(TM) i7-4770 CPU @ 3.40GHz
flags		: fpu vme de pse tsc msr pae mce cx8 apic sep mtrr pge mca cmov pat pse36 clflush dts acpi mmx fxsr sse sse2 ss ht tm pbe syscall nx pdpe1gb rdtscp lm constant_tsc arch_perfmon pebs bts rep_good nopl xtopology nonstop_tsc cpuid aperfmperf pni pclmulqdq dtes64 monitor ds_cpl vmx smx est tm2 ssse3 sdbg fma cx16 xtpr pdcm pcid sse4_1 sse4_2 x2apic movbe popcnt tsc_deadline_timer aes xsave avx f16c rdrand lahf_lm abm cpuid_fault epb pti ssbd ibrs ibpb stibp tpr_shadow flexpriority ept vpid ept_ad fsgsbase tsc_adjust bmi1 avx2 smep bmi2 erms invpcid xsaveopt dtherm ida arat pln pts vnmi md_clear flush_l1d

Online cpus: 0-7
Offline cpus: 
BIOS frequency limitation: <Not Available>
Frequency switch latency (ns): 20000
Available cpu frequencies: <Not Available>
Current governor: schedutil
Core performance/turbo boost: <Not Available>

Memory: 4k page, physical 24495864k(7173168k free), swap 8388604k(7309232k free)
Page Sizes: 4k

vm_info: OpenJDK 64-Bit Server VM (21.0.10+7-LTS) for linux-amd64 JRE (21.0.10+7-LTS), built on 2026-01-20T00:00:00Z by "admin" with gcc 11.3.0

END.
